[2024-03-05 16:16:25] laravel.EMERGENCY: Unable to create configured logger. Using emergency logger. {"exception":"[object] (InvalidArgumentException(code: 0): Log [] is not defined. at /Users/cristobalugarte/code/pasantiafic/vendor/laravel/framework/src/Illuminate/Log/LogManager.php:192)
[stacktrace]
#0 /Users/cristobalugarte/code/pasantiafic/vendor/laravel/framework/src/Illuminate/Log/LogManager.php(118): Illuminate\\Log\\LogManager->resolve(NULL)
#1 /Users/cristobalugarte/code/pasantiafic/vendor/laravel/framework/src/Illuminate/Log/LogManager.php(98): Illuminate\\Log\\LogManager->get(NULL)
#2 /Users/cristobalugarte/code/pasantiafic/vendor/laravel/framework/src/Illuminate/Log/LogManager.php(547): Illuminate\\Log\\LogManager->driver()
#3 /Users/cristobalugarte/code/pasantiafic/vendor/laravel/framework/src/Illuminate/Foundation/Exceptions/Handler.php(237): Illuminate\\Log\\LogManager->error('Class 'Maatwebs...', Array)
#4 /Users/cristobalugarte/code/pasantiafic/vendor/laravel/framework/src/Illuminate/Foundation/Console/Kernel.php(366): Illuminate\\Foundation\\Exceptions\\Handler->report(Object(Error))
#5 /Users/cristobalugarte/code/pasantiafic/vendor/laravel/framework/src/Illuminate/Foundation/Console/Kernel.php(131): Illuminate\\Foundation\\Console\\Kernel->reportException(Object(Error))
#6 /Users/cristobalugarte/code/pasantiafic/artisan(37): Illuminate\\Foundation\\Console\\Kernel->handle(Object(Symfony\\Component\\Console\\Input\\ArgvInput), Object(Symfony\\Component\\Console\\Output\\ConsoleOutput))
#7 {main}
"} 
[2024-03-05 16:16:25] laravel.ERROR: Class 'Maatwebsite\Excel\Excel' not found {"exception":"[object] (Error(code: 0): Class 'Maatwebsite\\Excel\\Excel' not found at /Users/cristobalugarte/code/pasantiafic/config/excel.php:92)
[stacktrace]
#0 /Users/cristobalugarte/code/pasantiafic/vendor/laravel/framework/src/Illuminate/Foundation/Bootstrap/LoadConfiguration.php(72): require()
#1 /Users/cristobalugarte/code/pasantiafic/vendor/laravel/framework/src/Illuminate/Foundation/Bootstrap/LoadConfiguration.php(39): Illuminate\\Foundation\\Bootstrap\\LoadConfiguration->loadConfigurationFiles(Object(Illuminate\\Foundation\\Application), Object(Illuminate\\Config\\Repository))
#2 /Users/cristobalugarte/code/pasantiafic/vendor/laravel/framework/src/Illuminate/Foundation/Application.php(230): Illuminate\\Foundation\\Bootstrap\\LoadConfiguration->bootstrap(Object(Illuminate\\Foundation\\Application))
#3 /Users/cristobalugarte/code/pasantiafic/vendor/laravel/framework/src/Illuminate/Foundation/Console/Kernel.php(310): Illuminate\\Foundation\\Application->bootstrapWith(Array)
#4 /Users/cristobalugarte/code/pasantiafic/vendor/laravel/framework/src/Illuminate/Foundation/Console/Kernel.php(127): Illuminate\\Foundation\\Console\\Kernel->bootstrap()
#5 /Users/cristobalugarte/code/pasantiafic/artisan(37): Illuminate\\Foundation\\Console\\Kernel->handle(Object(Symfony\\Component\\Console\\Input\\ArgvInput), Object(Symfony\\Component\\Console\\Output\\ConsoleOutput))
#6 {main}
"} 
[2024-03-05 16:48:39] laravel.EMERGENCY: Unable to create configured logger. Using emergency logger. {"exception":"[object] (InvalidArgumentException(code: 0): Log [] is not defined. at /Users/cristobalugarte/code/pasantiafic/vendor/laravel/framework/src/Illuminate/Log/LogManager.php:192)
[stacktrace]
#0 /Users/cristobalugarte/code/pasantiafic/vendor/laravel/framework/src/Illuminate/Log/LogManager.php(118): Illuminate\\Log\\LogManager->resolve(NULL)
#1 /Users/cristobalugarte/code/pasantiafic/vendor/laravel/framework/src/Illuminate/Log/LogManager.php(98): Illuminate\\Log\\LogManager->get(NULL)
#2 /Users/cristobalugarte/code/pasantiafic/vendor/laravel/framework/src/Illuminate/Log/LogManager.php(547): Illuminate\\Log\\LogManager->driver()
#3 /Users/cristobalugarte/code/pasantiafic/vendor/laravel/framework/src/Illuminate/Foundation/Exceptions/Handler.php(237): Illuminate\\Log\\LogManager->error('Class 'Maatwebs...', Array)
#4 /Users/cristobalugarte/code/pasantiafic/vendor/laravel/framework/src/Illuminate/Foundation/Console/Kernel.php(366): Illuminate\\Foundation\\Exceptions\\Handler->report(Object(Error))
#5 /Users/cristobalugarte/code/pasantiafic/vendor/laravel/framework/src/Illuminate/Foundation/Console/Kernel.php(131): Illuminate\\Foundation\\Console\\Kernel->reportException(Object(Error))
#6 /Users/cristobalugarte/code/pasantiafic/artisan(37): Illuminate\\Foundation\\Console\\Kernel->handle(Object(Symfony\\Component\\Console\\Input\\ArgvInput), Object(Symfony\\Component\\Console\\Output\\ConsoleOutput))
#7 {main}
"} 
[2024-03-05 16:48:39] laravel.ERROR: Class 'Maatwebsite\Excel\Excel' not found {"exception":"[object] (Error(code: 0): Class 'Maatwebsite\\Excel\\Excel' not found at /Users/cristobalugarte/code/pasantiafic/config/excel.php:92)
[stacktrace]
#0 /Users/cristobalugarte/code/pasantiafic/vendor/laravel/framework/src/Illuminate/Foundation/Bootstrap/LoadConfiguration.php(72): require()
#1 /Users/cristobalugarte/code/pasantiafic/vendor/laravel/framework/src/Illuminate/Foundation/Bootstrap/LoadConfiguration.php(39): Illuminate\\Foundation\\Bootstrap\\LoadConfiguration->loadConfigurationFiles(Object(Illuminate\\Foundation\\Application), Object(Illuminate\\Config\\Repository))
#2 /Users/cristobalugarte/code/pasantiafic/vendor/laravel/framework/src/Illuminate/Foundation/Application.php(230): Illuminate\\Foundation\\Bootstrap\\LoadConfiguration->bootstrap(Object(Illuminate\\Foundation\\Application))
#3 /Users/cristobalugarte/code/pasantiafic/vendor/laravel/framework/src/Illuminate/Foundation/Console/Kernel.php(310): Illuminate\\Foundation\\Application->bootstrapWith(Array)
#4 /Users/cristobalugarte/code/pasantiafic/vendor/laravel/framework/src/Illuminate/Foundation/Console/Kernel.php(127): Illuminate\\Foundation\\Console\\Kernel->bootstrap()
#5 /Users/cristobalugarte/code/pasantiafic/artisan(37): Illuminate\\Foundation\\Console\\Kernel->handle(Object(Symfony\\Component\\Console\\Input\\ArgvInput), Object(Symfony\\Component\\Console\\Output\\ConsoleOutput))
#6 {main}
"} 
[2024-03-05 16:48:53] laravel.EMERGENCY: Unable to create configured logger. Using emergency logger. {"exception":"[object] (InvalidArgumentException(code: 0): Log [] is not defined. at /Users/cristobalugarte/code/pasantiafic/vendor/laravel/framework/src/Illuminate/Log/LogManager.php:192)
[stacktrace]
#0 /Users/cristobalugarte/code/pasantiafic/vendor/laravel/framework/src/Illuminate/Log/LogManager.php(118): Illuminate\\Log\\LogManager->resolve(NULL)
#1 /Users/cristobalugarte/code/pasantiafic/vendor/laravel/framework/src/Illuminate/Log/LogManager.php(98): Illuminate\\Log\\LogManager->get(NULL)
#2 /Users/cristobalugarte/code/pasantiafic/vendor/laravel/framework/src/Illuminate/Log/LogManager.php(547): Illuminate\\Log\\LogManager->driver()
#3 /Users/cristobalugarte/code/pasantiafic/vendor/laravel/framework/src/Illuminate/Foundation/Exceptions/Handler.php(237): Illuminate\\Log\\LogManager->error('Class 'Maatwebs...', Array)
#4 /Users/cristobalugarte/code/pasantiafic/vendor/laravel/framework/src/Illuminate/Foundation/Console/Kernel.php(366): Illuminate\\Foundation\\Exceptions\\Handler->report(Object(Error))
#5 /Users/cristobalugarte/code/pasantiafic/vendor/laravel/framework/src/Illuminate/Foundation/Console/Kernel.php(131): Illuminate\\Foundation\\Console\\Kernel->reportException(Object(Error))
#6 /Users/cristobalugarte/code/pasantiafic/artisan(37): Illuminate\\Foundation\\Console\\Kernel->handle(Object(Symfony\\Component\\Console\\Input\\ArgvInput), Object(Symfony\\Component\\Console\\Output\\ConsoleOutput))
#7 {main}
"} 
[2024-03-05 16:48:53] laravel.ERROR: Class 'Maatwebsite\Excel\Excel' not found {"exception":"[object] (Error(code: 0): Class 'Maatwebsite\\Excel\\Excel' not found at /Users/cristobalugarte/code/pasantiafic/config/excel.php:92)
[stacktrace]
#0 /Users/cristobalugarte/code/pasantiafic/vendor/laravel/framework/src/Illuminate/Foundation/Bootstrap/LoadConfiguration.php(72): require()
#1 /Users/cristobalugarte/code/pasantiafic/vendor/laravel/framework/src/Illuminate/Foundation/Bootstrap/LoadConfiguration.php(39): Illuminate\\Foundation\\Bootstrap\\LoadConfiguration->loadConfigurationFiles(Object(Illuminate\\Foundation\\Application), Object(Illuminate\\Config\\Repository))
#2 /Users/cristobalugarte/code/pasantiafic/vendor/laravel/framework/src/Illuminate/Foundation/Application.php(230): Illuminate\\Foundation\\Bootstrap\\LoadConfiguration->bootstrap(Object(Illuminate\\Foundation\\Application))
#3 /Users/cristobalugarte/code/pasantiafic/vendor/laravel/framework/src/Illuminate/Foundation/Console/Kernel.php(310): Illuminate\\Foundation\\Application->bootstrapWith(Array)
#4 /Users/cristobalugarte/code/pasantiafic/vendor/laravel/framework/src/Illuminate/Foundation/Console/Kernel.php(127): Illuminate\\Foundation\\Console\\Kernel->bootstrap()
#5 /Users/cristobalugarte/code/pasantiafic/artisan(37): Illuminate\\Foundation\\Console\\Kernel->handle(Object(Symfony\\Component\\Console\\Input\\ArgvInput), Object(Symfony\\Component\\Console\\Output\\ConsoleOutput))
#6 {main}
"} 
[2024-03-05 16:49:02] laravel.EMERGENCY: Unable to create configured logger. Using emergency logger. {"exception":"[object] (InvalidArgumentException(code: 0): Log [] is not defined. at /Users/cristobalugarte/code/pasantiafic/vendor/laravel/framework/src/Illuminate/Log/LogManager.php:192)
[stacktrace]
#0 /Users/cristobalugarte/code/pasantiafic/vendor/laravel/framework/src/Illuminate/Log/LogManager.php(118): Illuminate\\Log\\LogManager->resolve(NULL)
#1 /Users/cristobalugarte/code/pasantiafic/vendor/laravel/framework/src/Illuminate/Log/LogManager.php(98): Illuminate\\Log\\LogManager->get(NULL)
#2 /Users/cristobalugarte/code/pasantiafic/vendor/laravel/framework/src/Illuminate/Log/LogManager.php(547): Illuminate\\Log\\LogManager->driver()
#3 /Users/cristobalugarte/code/pasantiafic/vendor/laravel/framework/src/Illuminate/Foundation/Exceptions/Handler.php(237): Illuminate\\Log\\LogManager->error('Class 'Maatwebs...', Array)
#4 /Users/cristobalugarte/code/pasantiafic/vendor/laravel/framework/src/Illuminate/Foundation/Console/Kernel.php(366): Illuminate\\Foundation\\Exceptions\\Handler->report(Object(Error))
#5 /Users/cristobalugarte/code/pasantiafic/vendor/laravel/framework/src/Illuminate/Foundation/Console/Kernel.php(131): Illuminate\\Foundation\\Console\\Kernel->reportException(Object(Error))
#6 /Users/cristobalugarte/code/pasantiafic/artisan(37): Illuminate\\Foundation\\Console\\Kernel->handle(Object(Symfony\\Component\\Console\\Input\\ArgvInput), Object(Symfony\\Component\\Console\\Output\\ConsoleOutput))
#7 {main}
"} 
[2024-03-05 16:49:02] laravel.ERROR: Class 'Maatwebsite\Excel\Excel' not found {"exception":"[object] (Error(code: 0): Class 'Maatwebsite\\Excel\\Excel' not found at /Users/cristobalugarte/code/pasantiafic/config/excel.php:92)
[stacktrace]
#0 /Users/cristobalugarte/code/pasantiafic/vendor/laravel/framework/src/Illuminate/Foundation/Bootstrap/LoadConfiguration.php(72): require()
#1 /Users/cristobalugarte/code/pasantiafic/vendor/laravel/framework/src/Illuminate/Foundation/Bootstrap/LoadConfiguration.php(39): Illuminate\\Foundation\\Bootstrap\\LoadConfiguration->loadConfigurationFiles(Object(Illuminate\\Foundation\\Application), Object(Illuminate\\Config\\Repository))
#2 /Users/cristobalugarte/code/pasantiafic/vendor/laravel/framework/src/Illuminate/Foundation/Application.php(230): Illuminate\\Foundation\\Bootstrap\\LoadConfiguration->bootstrap(Object(Illuminate\\Foundation\\Application))
#3 /Users/cristobalugarte/code/pasantiafic/vendor/laravel/framework/src/Illuminate/Foundation/Console/Kernel.php(310): Illuminate\\Foundation\\Application->bootstrapWith(Array)
#4 /Users/cristobalugarte/code/pasantiafic/vendor/laravel/framework/src/Illuminate/Foundation/Console/Kernel.php(127): Illuminate\\Foundation\\Console\\Kernel->bootstrap()
#5 /Users/cristobalugarte/code/pasantiafic/artisan(37): Illuminate\\Foundation\\Console\\Kernel->handle(Object(Symfony\\Component\\Console\\Input\\ArgvInput), Object(Symfony\\Component\\Console\\Output\\ConsoleOutput))
#6 {main}
"} 
